<?xml version="1.0" encoding="UTF-8"?>
<!-- Generated by org.testng.reporters.JUnitReportReporter -->
<testsuite hostname="tasmiyahs-MacBook-Pro.local" name="tests.TestRegisterPage" tests="30" failures="0" timestamp="2 Apr 2017 11:42:27 GMT" time="49.508" errors="0">
  <testcase name="testPhoneNoWithTwoDigitNumber" time="1.344" classname="tests.TestRegisterPage"/>
  <testcase name="testUserTypeWithNoOption" time="1.197" classname="tests.TestRegisterPage"/>
  <testcase name="testDateOfBirthWithNoDate" time="2.992" classname="tests.TestRegisterPage"/>
  <testcase name="testGenderWithNoOption" time="2.381" classname="tests.TestRegisterPage"/>
  <testcase name="testFirstNameWithThirtyCharacter" time="4.840" classname="tests.TestRegisterPage"/>
  <testcase name="testLastNameWithOneCharacter" time="1.164" classname="tests.TestRegisterPage"/>
  <testcase name="testConfirmPasswordWithEmptyPassword" time="0.913" classname="tests.TestRegisterPage"/>
  <testcase name="testPasswordWithSixToTwentyDigitNumber" time="1.295" classname="tests.TestRegisterPage"/>
  <testcase name="testLastNameWithTwoCharacter" time="1.358" classname="tests.TestRegisterPage"/>
  <testcase name="testCaptchaImageWithInvalidInput" time="1.888" classname="tests.TestRegisterPage"/>
  <testcase name="testEmailWithInvalidEmail" time="1.537" classname="tests.TestRegisterPage"/>
  <testcase name="testPasswordWithInvalidPassword" time="1.487" classname="tests.TestRegisterPage"/>
  <testcase name="testPhoneNoWithNoNumber" time="1.155" classname="tests.TestRegisterPage"/>
  <testcase name="testPasswordWithTwentyOneCharacter" time="1.248" classname="tests.TestRegisterPage"/>
  <testcase name="testPrivacyPolicyWithEmpty" time="1.444" classname="tests.TestRegisterPage"/>
  <testcase name="testLastNameWithThirtyDigitNumber" time="1.321" classname="tests.TestRegisterPage"/>
  <testcase name="testPasswordWithFiveCharacter" time="1.344" classname="tests.TestRegisterPage"/>
  <testcase name="testFirstNameWithTwoCharacter" time="1.240" classname="tests.TestRegisterPage"/>
  <testcase name="testFirstNameWithThirtyDigitNumber" time="1.619" classname="tests.TestRegisterPage"/>
  <testcase name="testPasswordWithEmptyPassword" time="1.154" classname="tests.TestRegisterPage"/>
  <testcase name="testConfirmPasswordWithInvalidPassword" time="2.711" classname="tests.TestRegisterPage"/>
  <testcase name="testFirstNameWithNoCharacter" time="1.715" classname="tests.TestRegisterPage"/>
  <testcase name="testCaptchaImageWithEmpty" time="1.460" classname="tests.TestRegisterPage"/>
  <testcase name="testPhoneNoWithThirtyOneDigitNumber" time="1.150" classname="tests.TestRegisterPage"/>
  <testcase name="testEmailWithEmptyEmailField" time="1.443" classname="tests.TestRegisterPage"/>
  <testcase name="testWithFirstNameOneCharacter" time="1.369" classname="tests.TestRegisterPage"/>
  <testcase name="testLastNameWithNoCharacter" time="1.249" classname="tests.TestRegisterPage"/>
  <testcase name="testLastNameWithThirtyCharacter" time="1.418" classname="tests.TestRegisterPage"/>
  <testcase name="testFirstNameWithThirtyOneCharacter" time="1.309" classname="tests.TestRegisterPage"/>
  <testcase name="testLastNameWithThirtyOneCharacter" time="2.763" classname="tests.TestRegisterPage"/>
</testsuite> <!-- tests.TestRegisterPage -->
