<?xml version="1.0" encoding="UTF-8"?>
<!-- Generated by org.testng.reporters.JUnitReportReporter -->
<testsuite hostname="tasmiyahs-MBP.domain.actdsltmp" name="tests.TestSigninPage" tests="7" failures="0" timestamp="2 Apr 2017 21:13:23 GMT" time="13.476" errors="0">
  <testcase name="testValidEmailAndValidPassword" time="3.628" classname="tests.TestSigninPage"/>
  <testcase name="testWithEmptyEmailAndEmptyPassword" time="1.604" classname="tests.TestSigninPage"/>
  <testcase name="testWithEmptyEmailAndValidPassword" time="1.354" classname="tests.TestSigninPage"/>
  <testcase name="testWithValidEmailAndEmptyPassword" time="2.547" classname="tests.TestSigninPage"/>
  <testcase name="testWithValidEmailAndInvalidPassword" time="1.308" classname="tests.TestSigninPage"/>
  <testcase name="testWithInValidEmailAndInvalidPassword" time="1.871" classname="tests.TestSigninPage"/>
  <testcase name="testWithInvalidEmailAndValidPassword" time="1.164" classname="tests.TestSigninPage"/>
</testsuite> <!-- tests.TestSigninPage -->
