<?xml version="1.0" encoding="UTF-8"?>
<!-- Generated by org.testng.reporters.JUnitReportReporter -->
<testsuite hostname="tasmiyahs-MBP.domain.actdsltmp" name="tests.TestSigninFeature" tests="7" failures="0" timestamp="16 Apr 2017 20:30:24 GMT" time="12.346" errors="0">
  <testcase name="testWithValidEmailAndInvalidPassword" time="1.342" classname="tests.TestSigninFeature"/>
  <testcase name="testValidEmailAndValidPassword" time="3.605" classname="tests.TestSigninFeature"/>
  <testcase name="testWithValidEmailAndEmptyPassword" time="1.321" classname="tests.TestSigninFeature"/>
  <testcase name="testWithEmptyEmailAndValidPassword" time="1.312" classname="tests.TestSigninFeature"/>
  <testcase name="testWithInvalidEmailAndValidPassword" time="1.506" classname="tests.TestSigninFeature"/>
  <testcase name="testWithInValidEmailAndInvalidPassword" time="1.329" classname="tests.TestSigninFeature"/>
  <testcase name="testWithEmptyEmailAndEmptyPassword" time="1.931" classname="tests.TestSigninFeature"/>
</testsuite> <!-- tests.TestSigninFeature -->
