<?xml version="1.0" encoding="UTF-8"?>
<!-- Generated by org.testng.reporters.JUnitReportReporter -->
<testsuite hostname="tasmiyahs-MBP.domain.actdsltmp" name="base.TestBase" tests="1" failures="0" timestamp="26 Mar 2017 19:39:11 GMT" time="0.286" errors="0">
  <testcase name="testTest" time="0.286" classname="base.TestBase"/>
</testsuite> <!-- base.TestBase -->
